Traceback (most recent call last):
  File "/opt/hostedtoolcache/Python/3.8.11/x64/lib/python3.8/site-packages/jupyter_cache/executors/utils.py", line 51, in single_nb_execution
    executenb(
  File "/opt/hostedtoolcache/Python/3.8.11/x64/lib/python3.8/site-packages/nbclient/client.py", line 1117, in execute
    return NotebookClient(nb=nb, resources=resources, km=km, **kwargs).execute()
  File "/opt/hostedtoolcache/Python/3.8.11/x64/lib/python3.8/site-packages/nbclient/util.py", line 78, in wrapped
    return just_run(coro(*args, **kwargs))
  File "/opt/hostedtoolcache/Python/3.8.11/x64/lib/python3.8/site-packages/nbclient/util.py", line 57, in just_run
    return loop.run_until_complete(coro)
  File "/opt/hostedtoolcache/Python/3.8.11/x64/lib/python3.8/asyncio/base_events.py", line 616, in run_until_complete
    return future.result()
  File "/opt/hostedtoolcache/Python/3.8.11/x64/lib/python3.8/site-packages/nbclient/client.py", line 558, in async_execute
    await self.async_execute_cell(
  File "/opt/hostedtoolcache/Python/3.8.11/x64/lib/python3.8/site-packages/nbclient/client.py", line 862, in async_execute_cell
    self._check_raise_for_error(cell, exec_reply)
  File "/opt/hostedtoolcache/Python/3.8.11/x64/lib/python3.8/site-packages/nbclient/client.py", line 765, in _check_raise_for_error
    raise CellExecutionError.from_cell_and_msg(cell, exec_reply_content)
nbclient.exceptions.CellExecutionError: An error occurred while executing the following cell:
------------------
pet1 = 'cat'
pet2 = 'dog'
pet3 = 'goldfish'
pet4 = 'gerbil'
pet5 = 'hamster'

name = input("What animal is your pet: ")
if name == pet1 or name == pet2 or name == pet3 or name == pet4 or name == pet5:
    print("I know you!")
else:
    print("Sorry, I don't know this animal :(")
------------------

[0;31m---------------------------------------------------------------------------[0m
[0;31mStdinNotImplementedError[0m                  Traceback (most recent call last)
[0;32m/tmp/ipykernel_1874/1388506954.py[0m in [0;36m<module>[0;34m[0m
[1;32m      5[0m [0mpet5[0m [0;34m=[0m [0;34m'hamster'[0m[0;34m[0m[0;34m[0m[0m
[1;32m      6[0m [0;34m[0m[0m
[0;32m----> 7[0;31m [0mname[0m [0;34m=[0m [0minput[0m[0;34m([0m[0;34m"What animal is your pet: "[0m[0;34m)[0m[0;34m[0m[0;34m[0m[0m
[0m[1;32m      8[0m [0;32mif[0m [0mname[0m [0;34m==[0m [0mpet1[0m [0;32mor[0m [0mname[0m [0;34m==[0m [0mpet2[0m [0;32mor[0m [0mname[0m [0;34m==[0m [0mpet3[0m [0;32mor[0m [0mname[0m [0;34m==[0m [0mpet4[0m [0;32mor[0m [0mname[0m [0;34m==[0m [0mpet5[0m[0;34m:[0m[0;34m[0m[0;34m[0m[0m
[1;32m      9[0m     [0mprint[0m[0;34m([0m[0;34m"I know you!"[0m[0;34m)[0m[0;34m[0m[0;34m[0m[0m

[0;32m/opt/hostedtoolcache/Python/3.8.11/x64/lib/python3.8/site-packages/ipykernel/kernelbase.py[0m in [0;36mraw_input[0;34m(self, prompt)[0m
[1;32m   1001[0m         """
[1;32m   1002[0m         [0;32mif[0m [0;32mnot[0m [0mself[0m[0;34m.[0m[0m_allow_stdin[0m[0;34m:[0m[0;34m[0m[0;34m[0m[0m
[0;32m-> 1003[0;31m             raise StdinNotImplementedError(
[0m[1;32m   1004[0m                 [0;34m"raw_input was called, but this frontend does not support input requests."[0m[0;34m[0m[0;34m[0m[0m
[1;32m   1005[0m             )

[0;31mStdinNotImplementedError[0m: raw_input was called, but this frontend does not support input requests.
StdinNotImplementedError: raw_input was called, but this frontend does not support input requests.

